2026-01-15 23:04:33,107 - INFO - model.model.layers.1.self_attention.layernorm_qkv_activation_underflows% 				 iteration=000000 				 value=12.9309
2026-01-15 23:04:33,107 - INFO - model.model.layers.1.self_attention.layernorm_qkv_activation_scale_inv_min 				 iteration=000000 				 value=1.0000
2026-01-15 23:04:33,107 - INFO - model.model.layers.1.self_attention.layernorm_qkv_activation_scale_inv_max 				 iteration=000000 				 value=1.0000
2026-01-15 23:04:33,107 - INFO - model.model.layers.1.self_attention.layernorm_qkv_activation_mse 				 iteration=000000 				 value=0.0000
2026-01-15 23:04:33,107 - INFO - model.model.layers.1.self_attention.layernorm_qkv_weight_underflows% 				 iteration=000000 				 value=3.3630
2026-01-15 23:04:33,107 - INFO - model.model.layers.1.self_attention.layernorm_qkv_weight_scale_inv_min 				 iteration=000000 				 value=1.0000
2026-01-15 23:04:33,107 - INFO - model.model.layers.1.self_attention.layernorm_qkv_weight_scale_inv_max 				 iteration=000000 				 value=1.0000
2026-01-15 23:04:33,107 - INFO - model.model.layers.1.self_attention.layernorm_qkv_weight_mse 				 iteration=000000 				 value=0.0000
2026-01-15 23:04:33,108 - INFO - model.model.layers.2.self_attention.layernorm_qkv_activation_underflows% 				 iteration=000000 				 value=10.8901
2026-01-15 23:04:33,108 - INFO - model.model.layers.2.self_attention.layernorm_qkv_activation_scale_inv_min 				 iteration=000000 				 value=1.0000
2026-01-15 23:04:33,108 - INFO - model.model.layers.2.self_attention.layernorm_qkv_activation_scale_inv_max 				 iteration=000000 				 value=1.0000
2026-01-15 23:04:33,108 - INFO - model.model.layers.2.self_attention.layernorm_qkv_activation_mse 				 iteration=000000 				 value=0.0000
2026-01-15 23:04:33,108 - INFO - model.model.layers.2.self_attention.layernorm_qkv_weight_underflows% 				 iteration=000000 				 value=3.3845
2026-01-15 23:04:33,108 - INFO - model.model.layers.2.self_attention.layernorm_qkv_weight_scale_inv_min 				 iteration=000000 				 value=1.0000
2026-01-15 23:04:33,108 - INFO - model.model.layers.2.self_attention.layernorm_qkv_weight_scale_inv_max 				 iteration=000000 				 value=1.0000
2026-01-15 23:04:33,108 - INFO - model.model.layers.2.self_attention.layernorm_qkv_weight_mse 				 iteration=000000 				 value=0.0000
2026-01-15 23:04:33,108 - INFO - model.model.layers.2.self_attention.layernorm_qkv_gradient_underflows% 				 iteration=000000 				 value=79.6280
2026-01-15 23:04:33,108 - INFO - model.model.layers.2.self_attention.layernorm_qkv_gradient_scale_inv_min 				 iteration=000000 				 value=1.0000
2026-01-15 23:04:33,108 - INFO - model.model.layers.2.self_attention.layernorm_qkv_gradient_scale_inv_max 				 iteration=000000 				 value=1.0000
2026-01-15 23:04:33,108 - INFO - model.model.layers.2.self_attention.layernorm_qkv_gradient_mse 				 iteration=000000 				 value=0.0000
2026-01-15 23:04:33,109 - INFO - model.model.layers.1.self_attention.layernorm_qkv_gradient_underflows% 				 iteration=000000 				 value=79.3212
2026-01-15 23:04:33,109 - INFO - model.model.layers.1.self_attention.layernorm_qkv_gradient_scale_inv_min 				 iteration=000000 				 value=1.0000
2026-01-15 23:04:33,109 - INFO - model.model.layers.1.self_attention.layernorm_qkv_gradient_scale_inv_max 				 iteration=000000 				 value=1.0000
2026-01-15 23:04:33,109 - INFO - model.model.layers.1.self_attention.layernorm_qkv_gradient_mse 				 iteration=000000 				 value=0.0000
2026-01-15 23:04:33,344 - INFO - model.model.layers.1.self_attention.layernorm_qkv_activation_underflows% 				 iteration=000010 				 value=0.0139
2026-01-15 23:04:33,344 - INFO - model.model.layers.1.self_attention.layernorm_qkv_activation_scale_inv_min 				 iteration=000010 				 value=0.0006
2026-01-15 23:04:33,344 - INFO - model.model.layers.1.self_attention.layernorm_qkv_activation_scale_inv_max 				 iteration=000010 				 value=0.0006
2026-01-15 23:04:33,344 - INFO - model.model.layers.1.self_attention.layernorm_qkv_activation_mse 				 iteration=000010 				 value=0.0000
2026-01-15 23:04:33,345 - INFO - model.model.layers.1.self_attention.layernorm_qkv_weight_underflows% 				 iteration=000010 				 value=0.0018
2026-01-15 23:04:33,345 - INFO - model.model.layers.1.self_attention.layernorm_qkv_weight_scale_inv_min 				 iteration=000010 				 value=0.0003
2026-01-15 23:04:33,345 - INFO - model.model.layers.1.self_attention.layernorm_qkv_weight_scale_inv_max 				 iteration=000010 				 value=0.0003
2026-01-15 23:04:33,345 - INFO - model.model.layers.1.self_attention.layernorm_qkv_weight_mse 				 iteration=000010 				 value=0.0000
2026-01-15 23:04:33,345 - INFO - model.model.layers.2.self_attention.layernorm_qkv_activation_underflows% 				 iteration=000010 				 value=0.0047
2026-01-15 23:04:33,345 - INFO - model.model.layers.2.self_attention.layernorm_qkv_activation_scale_inv_min 				 iteration=000010 				 value=0.0006
2026-01-15 23:04:33,345 - INFO - model.model.layers.2.self_attention.layernorm_qkv_activation_scale_inv_max 				 iteration=000010 				 value=0.0006
2026-01-15 23:04:33,345 - INFO - model.model.layers.2.self_attention.layernorm_qkv_activation_mse 				 iteration=000010 				 value=0.0000
2026-01-15 23:04:33,345 - INFO - model.model.layers.2.self_attention.layernorm_qkv_weight_underflows% 				 iteration=000010 				 value=0.0009
2026-01-15 23:04:33,345 - INFO - model.model.layers.2.self_attention.layernorm_qkv_weight_scale_inv_min 				 iteration=000010 				 value=0.0002
2026-01-15 23:04:33,345 - INFO - model.model.layers.2.self_attention.layernorm_qkv_weight_scale_inv_max 				 iteration=000010 				 value=0.0002
2026-01-15 23:04:33,345 - INFO - model.model.layers.2.self_attention.layernorm_qkv_weight_mse 				 iteration=000010 				 value=0.0000
2026-01-15 23:04:33,346 - INFO - model.model.layers.2.self_attention.layernorm_qkv_gradient_underflows% 				 iteration=000010 				 value=0.5722
2026-01-15 23:04:33,346 - INFO - model.model.layers.2.self_attention.layernorm_qkv_gradient_scale_inv_min 				 iteration=000010 				 value=0.0000
2026-01-15 23:04:33,346 - INFO - model.model.layers.2.self_attention.layernorm_qkv_gradient_scale_inv_max 				 iteration=000010 				 value=0.0000
2026-01-15 23:04:33,346 - INFO - model.model.layers.2.self_attention.layernorm_qkv_gradient_mse 				 iteration=000010 				 value=0.0000
2026-01-15 23:04:33,346 - INFO - model.model.layers.1.self_attention.layernorm_qkv_gradient_underflows% 				 iteration=000010 				 value=0.3017
2026-01-15 23:04:33,346 - INFO - model.model.layers.1.self_attention.layernorm_qkv_gradient_scale_inv_min 				 iteration=000010 				 value=0.0000
2026-01-15 23:04:33,346 - INFO - model.model.layers.1.self_attention.layernorm_qkv_gradient_scale_inv_max 				 iteration=000010 				 value=0.0000
2026-01-15 23:04:33,346 - INFO - model.model.layers.1.self_attention.layernorm_qkv_gradient_mse 				 iteration=000010 				 value=0.0000
2026-01-15 23:04:33,550 - INFO - model.model.layers.1.self_attention.layernorm_qkv_activation_underflows% 				 iteration=000020 				 value=0.0005
2026-01-15 23:04:33,550 - INFO - model.model.layers.1.self_attention.layernorm_qkv_activation_scale_inv_min 				 iteration=000020 				 value=0.0007
2026-01-15 23:04:33,550 - INFO - model.model.layers.1.self_attention.layernorm_qkv_activation_scale_inv_max 				 iteration=000020 				 value=0.0007
2026-01-15 23:04:33,550 - INFO - model.model.layers.1.self_attention.layernorm_qkv_activation_mse 				 iteration=000020 				 value=0.0000
2026-01-15 23:04:33,550 - INFO - model.model.layers.1.self_attention.layernorm_qkv_weight_underflows% 				 iteration=000020 				 value=0.0016
2026-01-15 23:04:33,550 - INFO - model.model.layers.1.self_attention.layernorm_qkv_weight_scale_inv_min 				 iteration=000020 				 value=0.0003
2026-01-15 23:04:33,550 - INFO - model.model.layers.1.self_attention.layernorm_qkv_weight_scale_inv_max 				 iteration=000020 				 value=0.0003
2026-01-15 23:04:33,550 - INFO - model.model.layers.1.self_attention.layernorm_qkv_weight_mse 				 iteration=000020 				 value=0.0000
2026-01-15 23:04:33,550 - INFO - model.model.layers.2.self_attention.layernorm_qkv_activation_underflows% 				 iteration=000020 				 value=0.0045
2026-01-15 23:04:33,550 - INFO - model.model.layers.2.self_attention.layernorm_qkv_activation_scale_inv_min 				 iteration=000020 				 value=0.0006
2026-01-15 23:04:33,551 - INFO - model.model.layers.2.self_attention.layernorm_qkv_activation_scale_inv_max 				 iteration=000020 				 value=0.0006
2026-01-15 23:04:33,551 - INFO - model.model.layers.2.self_attention.layernorm_qkv_activation_mse 				 iteration=000020 				 value=0.0000
2026-01-15 23:04:33,551 - INFO - model.model.layers.2.self_attention.layernorm_qkv_weight_underflows% 				 iteration=000020 				 value=0.0009
2026-01-15 23:04:33,551 - INFO - model.model.layers.2.self_attention.layernorm_qkv_weight_scale_inv_min 				 iteration=000020 				 value=0.0003
2026-01-15 23:04:33,551 - INFO - model.model.layers.2.self_attention.layernorm_qkv_weight_scale_inv_max 				 iteration=000020 				 value=0.0003
2026-01-15 23:04:33,551 - INFO - model.model.layers.2.self_attention.layernorm_qkv_weight_mse 				 iteration=000020 				 value=0.0000
2026-01-15 23:04:33,551 - INFO - model.model.layers.2.self_attention.layernorm_qkv_gradient_underflows% 				 iteration=000020 				 value=1.5678
2026-01-15 23:04:33,551 - INFO - model.model.layers.2.self_attention.layernorm_qkv_gradient_scale_inv_min 				 iteration=000020 				 value=0.0000
2026-01-15 23:04:33,551 - INFO - model.model.layers.2.self_attention.layernorm_qkv_gradient_scale_inv_max 				 iteration=000020 				 value=0.0000
2026-01-15 23:04:33,551 - INFO - model.model.layers.2.self_attention.layernorm_qkv_gradient_mse 				 iteration=000020 				 value=0.0000
2026-01-15 23:04:33,551 - INFO - model.model.layers.1.self_attention.layernorm_qkv_gradient_underflows% 				 iteration=000020 				 value=0.1012
2026-01-15 23:04:33,551 - INFO - model.model.layers.1.self_attention.layernorm_qkv_gradient_scale_inv_min 				 iteration=000020 				 value=0.0000
2026-01-15 23:04:33,551 - INFO - model.model.layers.1.self_attention.layernorm_qkv_gradient_scale_inv_max 				 iteration=000020 				 value=0.0000
2026-01-15 23:04:33,552 - INFO - model.model.layers.1.self_attention.layernorm_qkv_gradient_mse 				 iteration=000020 				 value=0.0000
2026-01-15 23:04:33,753 - INFO - model.model.layers.1.self_attention.layernorm_qkv_activation_underflows% 				 iteration=000030 				 value=0.0228
2026-01-15 23:04:33,753 - INFO - model.model.layers.1.self_attention.layernorm_qkv_activation_scale_inv_min 				 iteration=000030 				 value=0.0007
2026-01-15 23:04:33,753 - INFO - model.model.layers.1.self_attention.layernorm_qkv_activation_scale_inv_max 				 iteration=000030 				 value=0.0007
2026-01-15 23:04:33,753 - INFO - model.model.layers.1.self_attention.layernorm_qkv_activation_mse 				 iteration=000030 				 value=0.0000
2026-01-15 23:04:33,753 - INFO - model.model.layers.1.self_attention.layernorm_qkv_weight_underflows% 				 iteration=000030 				 value=0.0007
2026-01-15 23:04:33,753 - INFO - model.model.layers.1.self_attention.layernorm_qkv_weight_scale_inv_min 				 iteration=000030 				 value=0.0003
2026-01-15 23:04:33,753 - INFO - model.model.layers.1.self_attention.layernorm_qkv_weight_scale_inv_max 				 iteration=000030 				 value=0.0003
2026-01-15 23:04:33,753 - INFO - model.model.layers.1.self_attention.layernorm_qkv_weight_mse 				 iteration=000030 				 value=0.0000
2026-01-15 23:04:33,753 - INFO - model.model.layers.2.self_attention.layernorm_qkv_activation_underflows% 				 iteration=000030 				 value=0.0033
2026-01-15 23:04:33,753 - INFO - model.model.layers.2.self_attention.layernorm_qkv_activation_scale_inv_min 				 iteration=000030 				 value=0.0006
2026-01-15 23:04:33,753 - INFO - model.model.layers.2.self_attention.layernorm_qkv_activation_scale_inv_max 				 iteration=000030 				 value=0.0006
2026-01-15 23:04:33,754 - INFO - model.model.layers.2.self_attention.layernorm_qkv_activation_mse 				 iteration=000030 				 value=0.0000
2026-01-15 23:04:33,754 - INFO - model.model.layers.2.self_attention.layernorm_qkv_weight_underflows% 				 iteration=000030 				 value=0.0011
2026-01-15 23:04:33,754 - INFO - model.model.layers.2.self_attention.layernorm_qkv_weight_scale_inv_min 				 iteration=000030 				 value=0.0003
2026-01-15 23:04:33,754 - INFO - model.model.layers.2.self_attention.layernorm_qkv_weight_scale_inv_max 				 iteration=000030 				 value=0.0003
2026-01-15 23:04:33,754 - INFO - model.model.layers.2.self_attention.layernorm_qkv_weight_mse 				 iteration=000030 				 value=0.0000
2026-01-15 23:04:33,754 - INFO - model.model.layers.2.self_attention.layernorm_qkv_gradient_underflows% 				 iteration=000030 				 value=0.7703
2026-01-15 23:04:33,754 - INFO - model.model.layers.2.self_attention.layernorm_qkv_gradient_scale_inv_min 				 iteration=000030 				 value=0.0000
2026-01-15 23:04:33,754 - INFO - model.model.layers.2.self_attention.layernorm_qkv_gradient_scale_inv_max 				 iteration=000030 				 value=0.0000
2026-01-15 23:04:33,754 - INFO - model.model.layers.2.self_attention.layernorm_qkv_gradient_mse 				 iteration=000030 				 value=0.0000
2026-01-15 23:04:33,754 - INFO - model.model.layers.1.self_attention.layernorm_qkv_gradient_underflows% 				 iteration=000030 				 value=0.0699
2026-01-15 23:04:33,754 - INFO - model.model.layers.1.self_attention.layernorm_qkv_gradient_scale_inv_min 				 iteration=000030 				 value=0.0000
2026-01-15 23:04:33,754 - INFO - model.model.layers.1.self_attention.layernorm_qkv_gradient_scale_inv_max 				 iteration=000030 				 value=0.0000
2026-01-15 23:04:33,754 - INFO - model.model.layers.1.self_attention.layernorm_qkv_gradient_mse 				 iteration=000030 				 value=0.0000
2026-01-15 23:04:33,956 - INFO - model.model.layers.1.self_attention.layernorm_qkv_activation_underflows% 				 iteration=000040 				 value=0.0085
2026-01-15 23:04:33,957 - INFO - model.model.layers.1.self_attention.layernorm_qkv_activation_scale_inv_min 				 iteration=000040 				 value=0.0008
2026-01-15 23:04:33,957 - INFO - model.model.layers.1.self_attention.layernorm_qkv_activation_scale_inv_max 				 iteration=000040 				 value=0.0008
2026-01-15 23:04:33,957 - INFO - model.model.layers.1.self_attention.layernorm_qkv_activation_mse 				 iteration=000040 				 value=0.0000
2026-01-15 23:04:33,957 - INFO - model.model.layers.1.self_attention.layernorm_qkv_weight_underflows% 				 iteration=000040 				 value=0.0009
2026-01-15 23:04:33,957 - INFO - model.model.layers.1.self_attention.layernorm_qkv_weight_scale_inv_min 				 iteration=000040 				 value=0.0003
2026-01-15 23:04:33,957 - INFO - model.model.layers.1.self_attention.layernorm_qkv_weight_scale_inv_max 				 iteration=000040 				 value=0.0003
2026-01-15 23:04:33,957 - INFO - model.model.layers.1.self_attention.layernorm_qkv_weight_mse 				 iteration=000040 				 value=0.0000
2026-01-15 23:04:33,957 - INFO - model.model.layers.2.self_attention.layernorm_qkv_activation_underflows% 				 iteration=000040 				 value=0.0014
2026-01-15 23:04:33,957 - INFO - model.model.layers.2.self_attention.layernorm_qkv_activation_scale_inv_min 				 iteration=000040 				 value=0.0006
2026-01-15 23:04:33,957 - INFO - model.model.layers.2.self_attention.layernorm_qkv_activation_scale_inv_max 				 iteration=000040 				 value=0.0006
2026-01-15 23:04:33,957 - INFO - model.model.layers.2.self_attention.layernorm_qkv_activation_mse 				 iteration=000040 				 value=0.0000
2026-01-15 23:04:33,957 - INFO - model.model.layers.2.self_attention.layernorm_qkv_weight_underflows% 				 iteration=000040 				 value=0.0005
2026-01-15 23:04:33,958 - INFO - model.model.layers.2.self_attention.layernorm_qkv_weight_scale_inv_min 				 iteration=000040 				 value=0.0003
2026-01-15 23:04:33,958 - INFO - model.model.layers.2.self_attention.layernorm_qkv_weight_scale_inv_max 				 iteration=000040 				 value=0.0003
2026-01-15 23:04:33,958 - INFO - model.model.layers.2.self_attention.layernorm_qkv_weight_mse 				 iteration=000040 				 value=0.0000
2026-01-15 23:04:33,958 - INFO - model.model.layers.2.self_attention.layernorm_qkv_gradient_underflows% 				 iteration=000040 				 value=0.2551
2026-01-15 23:04:33,958 - INFO - model.model.layers.2.self_attention.layernorm_qkv_gradient_scale_inv_min 				 iteration=000040 				 value=0.0000
2026-01-15 23:04:33,958 - INFO - model.model.layers.2.self_attention.layernorm_qkv_gradient_scale_inv_max 				 iteration=000040 				 value=0.0000
2026-01-15 23:04:33,958 - INFO - model.model.layers.2.self_attention.layernorm_qkv_gradient_mse 				 iteration=000040 				 value=0.0000
2026-01-15 23:04:33,958 - INFO - model.model.layers.1.self_attention.layernorm_qkv_gradient_underflows% 				 iteration=000040 				 value=0.1737
2026-01-15 23:04:33,958 - INFO - model.model.layers.1.self_attention.layernorm_qkv_gradient_scale_inv_min 				 iteration=000040 				 value=0.0000
2026-01-15 23:04:33,958 - INFO - model.model.layers.1.self_attention.layernorm_qkv_gradient_scale_inv_max 				 iteration=000040 				 value=0.0000
2026-01-15 23:04:33,958 - INFO - model.model.layers.1.self_attention.layernorm_qkv_gradient_mse 				 iteration=000040 				 value=0.0000
2026-01-15 23:04:34,163 - INFO - model.model.layers.1.self_attention.layernorm_qkv_activation_underflows% 				 iteration=000050 				 value=0.0097
2026-01-15 23:04:34,163 - INFO - model.model.layers.1.self_attention.layernorm_qkv_activation_scale_inv_min 				 iteration=000050 				 value=0.0008
2026-01-15 23:04:34,163 - INFO - model.model.layers.1.self_attention.layernorm_qkv_activation_scale_inv_max 				 iteration=000050 				 value=0.0008
2026-01-15 23:04:34,163 - INFO - model.model.layers.1.self_attention.layernorm_qkv_activation_mse 				 iteration=000050 				 value=0.0000
2026-01-15 23:04:34,163 - INFO - model.model.layers.1.self_attention.layernorm_qkv_weight_underflows% 				 iteration=000050 				 value=0.0020
2026-01-15 23:04:34,163 - INFO - model.model.layers.1.self_attention.layernorm_qkv_weight_scale_inv_min 				 iteration=000050 				 value=0.0003
2026-01-15 23:04:34,163 - INFO - model.model.layers.1.self_attention.layernorm_qkv_weight_scale_inv_max 				 iteration=000050 				 value=0.0003
2026-01-15 23:04:34,163 - INFO - model.model.layers.1.self_attention.layernorm_qkv_weight_mse 				 iteration=000050 				 value=0.0000
2026-01-15 23:04:34,163 - INFO - model.model.layers.2.self_attention.layernorm_qkv_activation_underflows% 				 iteration=000050 				 value=0.0003
2026-01-15 23:04:34,163 - INFO - model.model.layers.2.self_attention.layernorm_qkv_activation_scale_inv_min 				 iteration=000050 				 value=0.0006
2026-01-15 23:04:34,163 - INFO - model.model.layers.2.self_attention.layernorm_qkv_activation_scale_inv_max 				 iteration=000050 				 value=0.0006
2026-01-15 23:04:34,163 - INFO - model.model.layers.2.self_attention.layernorm_qkv_activation_mse 				 iteration=000050 				 value=0.0000
2026-01-15 23:04:34,163 - INFO - model.model.layers.2.self_attention.layernorm_qkv_weight_underflows% 				 iteration=000050 				 value=0.0011
2026-01-15 23:04:34,164 - INFO - model.model.layers.2.self_attention.layernorm_qkv_weight_scale_inv_min 				 iteration=000050 				 value=0.0003
2026-01-15 23:04:34,164 - INFO - model.model.layers.2.self_attention.layernorm_qkv_weight_scale_inv_max 				 iteration=000050 				 value=0.0003
2026-01-15 23:04:34,164 - INFO - model.model.layers.2.self_attention.layernorm_qkv_weight_mse 				 iteration=000050 				 value=0.0000
2026-01-15 23:04:34,164 - INFO - model.model.layers.2.self_attention.layernorm_qkv_gradient_underflows% 				 iteration=000050 				 value=0.2885
2026-01-15 23:04:34,164 - INFO - model.model.layers.2.self_attention.layernorm_qkv_gradient_scale_inv_min 				 iteration=000050 				 value=0.0000
2026-01-15 23:04:34,164 - INFO - model.model.layers.2.self_attention.layernorm_qkv_gradient_scale_inv_max 				 iteration=000050 				 value=0.0000
2026-01-15 23:04:34,164 - INFO - model.model.layers.2.self_attention.layernorm_qkv_gradient_mse 				 iteration=000050 				 value=0.0000
2026-01-15 23:04:34,164 - INFO - model.model.layers.1.self_attention.layernorm_qkv_gradient_underflows% 				 iteration=000050 				 value=0.0541
2026-01-15 23:04:34,164 - INFO - model.model.layers.1.self_attention.layernorm_qkv_gradient_scale_inv_min 				 iteration=000050 				 value=0.0000
2026-01-15 23:04:34,164 - INFO - model.model.layers.1.self_attention.layernorm_qkv_gradient_scale_inv_max 				 iteration=000050 				 value=0.0000
2026-01-15 23:04:34,164 - INFO - model.model.layers.1.self_attention.layernorm_qkv_gradient_mse 				 iteration=000050 				 value=0.0000
2026-01-15 23:04:34,377 - INFO - model.model.layers.1.self_attention.layernorm_qkv_activation_underflows% 				 iteration=000060 				 value=0.0104
2026-01-15 23:04:34,377 - INFO - model.model.layers.1.self_attention.layernorm_qkv_activation_scale_inv_min 				 iteration=000060 				 value=0.0008
2026-01-15 23:04:34,377 - INFO - model.model.layers.1.self_attention.layernorm_qkv_activation_scale_inv_max 				 iteration=000060 				 value=0.0008
2026-01-15 23:04:34,377 - INFO - model.model.layers.1.self_attention.layernorm_qkv_activation_mse 				 iteration=000060 				 value=0.0000
2026-01-15 23:04:34,377 - INFO - model.model.layers.1.self_attention.layernorm_qkv_weight_underflows% 				 iteration=000060 				 value=0.0005
2026-01-15 23:04:34,377 - INFO - model.model.layers.1.self_attention.layernorm_qkv_weight_scale_inv_min 				 iteration=000060 				 value=0.0003
2026-01-15 23:04:34,377 - INFO - model.model.layers.1.self_attention.layernorm_qkv_weight_scale_inv_max 				 iteration=000060 				 value=0.0003
2026-01-15 23:04:34,377 - INFO - model.model.layers.1.self_attention.layernorm_qkv_weight_mse 				 iteration=000060 				 value=0.0000
2026-01-15 23:04:34,377 - INFO - model.model.layers.2.self_attention.layernorm_qkv_activation_underflows% 				 iteration=000060 				 value=0.0000
2026-01-15 23:04:34,377 - INFO - model.model.layers.2.self_attention.layernorm_qkv_activation_scale_inv_min 				 iteration=000060 				 value=0.0006
2026-01-15 23:04:34,377 - INFO - model.model.layers.2.self_attention.layernorm_qkv_activation_scale_inv_max 				 iteration=000060 				 value=0.0006
2026-01-15 23:04:34,377 - INFO - model.model.layers.2.self_attention.layernorm_qkv_activation_mse 				 iteration=000060 				 value=0.0000
2026-01-15 23:04:34,378 - INFO - model.model.layers.2.self_attention.layernorm_qkv_weight_underflows% 				 iteration=000060 				 value=0.0014
2026-01-15 23:04:34,378 - INFO - model.model.layers.2.self_attention.layernorm_qkv_weight_scale_inv_min 				 iteration=000060 				 value=0.0003
2026-01-15 23:04:34,378 - INFO - model.model.layers.2.self_attention.layernorm_qkv_weight_scale_inv_max 				 iteration=000060 				 value=0.0003
2026-01-15 23:04:34,378 - INFO - model.model.layers.2.self_attention.layernorm_qkv_weight_mse 				 iteration=000060 				 value=0.0000
2026-01-15 23:04:34,378 - INFO - model.model.layers.2.self_attention.layernorm_qkv_gradient_underflows% 				 iteration=000060 				 value=0.2174
2026-01-15 23:04:34,378 - INFO - model.model.layers.2.self_attention.layernorm_qkv_gradient_scale_inv_min 				 iteration=000060 				 value=0.0000
2026-01-15 23:04:34,378 - INFO - model.model.layers.2.self_attention.layernorm_qkv_gradient_scale_inv_max 				 iteration=000060 				 value=0.0000
2026-01-15 23:04:34,378 - INFO - model.model.layers.2.self_attention.layernorm_qkv_gradient_mse 				 iteration=000060 				 value=0.0000
2026-01-15 23:04:34,378 - INFO - model.model.layers.1.self_attention.layernorm_qkv_gradient_underflows% 				 iteration=000060 				 value=0.0757
2026-01-15 23:04:34,378 - INFO - model.model.layers.1.self_attention.layernorm_qkv_gradient_scale_inv_min 				 iteration=000060 				 value=0.0000
2026-01-15 23:04:34,378 - INFO - model.model.layers.1.self_attention.layernorm_qkv_gradient_scale_inv_max 				 iteration=000060 				 value=0.0000
2026-01-15 23:04:34,378 - INFO - model.model.layers.1.self_attention.layernorm_qkv_gradient_mse 				 iteration=000060 				 value=0.0000
2026-01-15 23:04:34,589 - INFO - model.model.layers.1.self_attention.layernorm_qkv_activation_underflows% 				 iteration=000070 				 value=0.0718
2026-01-15 23:04:34,589 - INFO - model.model.layers.1.self_attention.layernorm_qkv_activation_scale_inv_min 				 iteration=000070 				 value=0.0008
2026-01-15 23:04:34,589 - INFO - model.model.layers.1.self_attention.layernorm_qkv_activation_scale_inv_max 				 iteration=000070 				 value=0.0008
2026-01-15 23:04:34,589 - INFO - model.model.layers.1.self_attention.layernorm_qkv_activation_mse 				 iteration=000070 				 value=0.0000
2026-01-15 23:04:34,590 - INFO - model.model.layers.1.self_attention.layernorm_qkv_weight_underflows% 				 iteration=000070 				 value=0.0020
2026-01-15 23:04:34,590 - INFO - model.model.layers.1.self_attention.layernorm_qkv_weight_scale_inv_min 				 iteration=000070 				 value=0.0003
2026-01-15 23:04:34,590 - INFO - model.model.layers.1.self_attention.layernorm_qkv_weight_scale_inv_max 				 iteration=000070 				 value=0.0003
2026-01-15 23:04:34,590 - INFO - model.model.layers.1.self_attention.layernorm_qkv_weight_mse 				 iteration=000070 				 value=0.0000
2026-01-15 23:04:34,590 - INFO - model.model.layers.2.self_attention.layernorm_qkv_activation_underflows% 				 iteration=000070 				 value=0.0001
2026-01-15 23:04:34,590 - INFO - model.model.layers.2.self_attention.layernorm_qkv_activation_scale_inv_min 				 iteration=000070 				 value=0.0007
2026-01-15 23:04:34,590 - INFO - model.model.layers.2.self_attention.layernorm_qkv_activation_scale_inv_max 				 iteration=000070 				 value=0.0007
2026-01-15 23:04:34,590 - INFO - model.model.layers.2.self_attention.layernorm_qkv_activation_mse 				 iteration=000070 				 value=0.0000
2026-01-15 23:04:34,590 - INFO - model.model.layers.2.self_attention.layernorm_qkv_weight_underflows% 				 iteration=000070 				 value=0.0009
2026-01-15 23:04:34,590 - INFO - model.model.layers.2.self_attention.layernorm_qkv_weight_scale_inv_min 				 iteration=000070 				 value=0.0004
2026-01-15 23:04:34,590 - INFO - model.model.layers.2.self_attention.layernorm_qkv_weight_scale_inv_max 				 iteration=000070 				 value=0.0004
2026-01-15 23:04:34,590 - INFO - model.model.layers.2.self_attention.layernorm_qkv_weight_mse 				 iteration=000070 				 value=0.0000
2026-01-15 23:04:34,591 - INFO - model.model.layers.2.self_attention.layernorm_qkv_gradient_underflows% 				 iteration=000070 				 value=0.1481
2026-01-15 23:04:34,591 - INFO - model.model.layers.2.self_attention.layernorm_qkv_gradient_scale_inv_min 				 iteration=000070 				 value=0.0000
2026-01-15 23:04:34,591 - INFO - model.model.layers.2.self_attention.layernorm_qkv_gradient_scale_inv_max 				 iteration=000070 				 value=0.0000
2026-01-15 23:04:34,591 - INFO - model.model.layers.2.self_attention.layernorm_qkv_gradient_mse 				 iteration=000070 				 value=0.0000
2026-01-15 23:04:34,591 - INFO - model.model.layers.1.self_attention.layernorm_qkv_gradient_underflows% 				 iteration=000070 				 value=0.0881
2026-01-15 23:04:34,591 - INFO - model.model.layers.1.self_attention.layernorm_qkv_gradient_scale_inv_min 				 iteration=000070 				 value=0.0000
2026-01-15 23:04:34,591 - INFO - model.model.layers.1.self_attention.layernorm_qkv_gradient_scale_inv_max 				 iteration=000070 				 value=0.0000
2026-01-15 23:04:34,591 - INFO - model.model.layers.1.self_attention.layernorm_qkv_gradient_mse 				 iteration=000070 				 value=0.0000
2026-01-15 23:04:34,796 - INFO - model.model.layers.1.self_attention.layernorm_qkv_activation_underflows% 				 iteration=000080 				 value=0.0142
2026-01-15 23:04:34,796 - INFO - model.model.layers.1.self_attention.layernorm_qkv_activation_scale_inv_min 				 iteration=000080 				 value=0.0009
2026-01-15 23:04:34,796 - INFO - model.model.layers.1.self_attention.layernorm_qkv_activation_scale_inv_max 				 iteration=000080 				 value=0.0009
2026-01-15 23:04:34,796 - INFO - model.model.layers.1.self_attention.layernorm_qkv_activation_mse 				 iteration=000080 				 value=0.0000
2026-01-15 23:04:34,796 - INFO - model.model.layers.1.self_attention.layernorm_qkv_weight_underflows% 				 iteration=000080 				 value=0.0014
2026-01-15 23:04:34,796 - INFO - model.model.layers.1.self_attention.layernorm_qkv_weight_scale_inv_min 				 iteration=000080 				 value=0.0003
2026-01-15 23:04:34,796 - INFO - model.model.layers.1.self_attention.layernorm_qkv_weight_scale_inv_max 				 iteration=000080 				 value=0.0003
2026-01-15 23:04:34,796 - INFO - model.model.layers.1.self_attention.layernorm_qkv_weight_mse 				 iteration=000080 				 value=0.0000
2026-01-15 23:04:34,796 - INFO - model.model.layers.2.self_attention.layernorm_qkv_activation_underflows% 				 iteration=000080 				 value=0.0001
2026-01-15 23:04:34,796 - INFO - model.model.layers.2.self_attention.layernorm_qkv_activation_scale_inv_min 				 iteration=000080 				 value=0.0007
2026-01-15 23:04:34,796 - INFO - model.model.layers.2.self_attention.layernorm_qkv_activation_scale_inv_max 				 iteration=000080 				 value=0.0007
2026-01-15 23:04:34,797 - INFO - model.model.layers.2.self_attention.layernorm_qkv_activation_mse 				 iteration=000080 				 value=0.0000
2026-01-15 23:04:34,797 - INFO - model.model.layers.2.self_attention.layernorm_qkv_weight_underflows% 				 iteration=000080 				 value=0.0016
2026-01-15 23:04:34,797 - INFO - model.model.layers.2.self_attention.layernorm_qkv_weight_scale_inv_min 				 iteration=000080 				 value=0.0004
2026-01-15 23:04:34,797 - INFO - model.model.layers.2.self_attention.layernorm_qkv_weight_scale_inv_max 				 iteration=000080 				 value=0.0004
2026-01-15 23:04:34,797 - INFO - model.model.layers.2.self_attention.layernorm_qkv_weight_mse 				 iteration=000080 				 value=0.0000
2026-01-15 23:04:34,797 - INFO - model.model.layers.2.self_attention.layernorm_qkv_gradient_underflows% 				 iteration=000080 				 value=0.1894
2026-01-15 23:04:34,797 - INFO - model.model.layers.2.self_attention.layernorm_qkv_gradient_scale_inv_min 				 iteration=000080 				 value=0.0000
2026-01-15 23:04:34,797 - INFO - model.model.layers.2.self_attention.layernorm_qkv_gradient_scale_inv_max 				 iteration=000080 				 value=0.0000
2026-01-15 23:04:34,797 - INFO - model.model.layers.2.self_attention.layernorm_qkv_gradient_mse 				 iteration=000080 				 value=0.0000
2026-01-15 23:04:34,797 - INFO - model.model.layers.1.self_attention.layernorm_qkv_gradient_underflows% 				 iteration=000080 				 value=0.1269
2026-01-15 23:04:34,797 - INFO - model.model.layers.1.self_attention.layernorm_qkv_gradient_scale_inv_min 				 iteration=000080 				 value=0.0000
2026-01-15 23:04:34,797 - INFO - model.model.layers.1.self_attention.layernorm_qkv_gradient_scale_inv_max 				 iteration=000080 				 value=0.0000
2026-01-15 23:04:34,797 - INFO - model.model.layers.1.self_attention.layernorm_qkv_gradient_mse 				 iteration=000080 				 value=0.0000
2026-01-15 23:04:35,011 - INFO - model.model.layers.1.self_attention.layernorm_qkv_activation_underflows% 				 iteration=000090 				 value=0.0086
2026-01-15 23:04:35,011 - INFO - model.model.layers.1.self_attention.layernorm_qkv_activation_scale_inv_min 				 iteration=000090 				 value=0.0009
2026-01-15 23:04:35,011 - INFO - model.model.layers.1.self_attention.layernorm_qkv_activation_scale_inv_max 				 iteration=000090 				 value=0.0009
2026-01-15 23:04:35,011 - INFO - model.model.layers.1.self_attention.layernorm_qkv_activation_mse 				 iteration=000090 				 value=0.0000
2026-01-15 23:04:35,011 - INFO - model.model.layers.1.self_attention.layernorm_qkv_weight_underflows% 				 iteration=000090 				 value=0.0005
2026-01-15 23:04:35,011 - INFO - model.model.layers.1.self_attention.layernorm_qkv_weight_scale_inv_min 				 iteration=000090 				 value=0.0003
2026-01-15 23:04:35,011 - INFO - model.model.layers.1.self_attention.layernorm_qkv_weight_scale_inv_max 				 iteration=000090 				 value=0.0003
2026-01-15 23:04:35,011 - INFO - model.model.layers.1.self_attention.layernorm_qkv_weight_mse 				 iteration=000090 				 value=0.0000
2026-01-15 23:04:35,011 - INFO - model.model.layers.2.self_attention.layernorm_qkv_activation_underflows% 				 iteration=000090 				 value=0.0003
2026-01-15 23:04:35,011 - INFO - model.model.layers.2.self_attention.layernorm_qkv_activation_scale_inv_min 				 iteration=000090 				 value=0.0007
2026-01-15 23:04:35,011 - INFO - model.model.layers.2.self_attention.layernorm_qkv_activation_scale_inv_max 				 iteration=000090 				 value=0.0007
2026-01-15 23:04:35,011 - INFO - model.model.layers.2.self_attention.layernorm_qkv_activation_mse 				 iteration=000090 				 value=0.0000
2026-01-15 23:04:35,012 - INFO - model.model.layers.2.self_attention.layernorm_qkv_weight_underflows% 				 iteration=000090 				 value=0.0014
2026-01-15 23:04:35,012 - INFO - model.model.layers.2.self_attention.layernorm_qkv_weight_scale_inv_min 				 iteration=000090 				 value=0.0004
2026-01-15 23:04:35,012 - INFO - model.model.layers.2.self_attention.layernorm_qkv_weight_scale_inv_max 				 iteration=000090 				 value=0.0004
2026-01-15 23:04:35,012 - INFO - model.model.layers.2.self_attention.layernorm_qkv_weight_mse 				 iteration=000090 				 value=0.0000
2026-01-15 23:04:35,012 - INFO - model.model.layers.2.self_attention.layernorm_qkv_gradient_underflows% 				 iteration=000090 				 value=0.1417
2026-01-15 23:04:35,012 - INFO - model.model.layers.2.self_attention.layernorm_qkv_gradient_scale_inv_min 				 iteration=000090 				 value=0.0000
2026-01-15 23:04:35,012 - INFO - model.model.layers.2.self_attention.layernorm_qkv_gradient_scale_inv_max 				 iteration=000090 				 value=0.0000
2026-01-15 23:04:35,012 - INFO - model.model.layers.2.self_attention.layernorm_qkv_gradient_mse 				 iteration=000090 				 value=0.0000
2026-01-15 23:04:35,012 - INFO - model.model.layers.1.self_attention.layernorm_qkv_gradient_underflows% 				 iteration=000090 				 value=0.1811
2026-01-15 23:04:35,012 - INFO - model.model.layers.1.self_attention.layernorm_qkv_gradient_scale_inv_min 				 iteration=000090 				 value=0.0000
2026-01-15 23:04:35,012 - INFO - model.model.layers.1.self_attention.layernorm_qkv_gradient_scale_inv_max 				 iteration=000090 				 value=0.0000
2026-01-15 23:04:35,012 - INFO - model.model.layers.1.self_attention.layernorm_qkv_gradient_mse 				 iteration=000090 				 value=0.0000
2026-01-15 23:04:35,225 - INFO - model.model.layers.1.self_attention.layernorm_qkv_activation_underflows% 				 iteration=000100 				 value=0.0144
2026-01-15 23:04:35,226 - INFO - model.model.layers.1.self_attention.layernorm_qkv_activation_scale_inv_min 				 iteration=000100 				 value=0.0010
2026-01-15 23:04:35,226 - INFO - model.model.layers.1.self_attention.layernorm_qkv_activation_scale_inv_max 				 iteration=000100 				 value=0.0010
2026-01-15 23:04:35,226 - INFO - model.model.layers.1.self_attention.layernorm_qkv_activation_mse 				 iteration=000100 				 value=0.0000
2026-01-15 23:04:35,226 - INFO - model.model.layers.1.self_attention.layernorm_qkv_weight_underflows% 				 iteration=000100 				 value=0.0009
2026-01-15 23:04:35,226 - INFO - model.model.layers.1.self_attention.layernorm_qkv_weight_scale_inv_min 				 iteration=000100 				 value=0.0003
2026-01-15 23:04:35,226 - INFO - model.model.layers.1.self_attention.layernorm_qkv_weight_scale_inv_max 				 iteration=000100 				 value=0.0003
2026-01-15 23:04:35,226 - INFO - model.model.layers.1.self_attention.layernorm_qkv_weight_mse 				 iteration=000100 				 value=0.0000
2026-01-15 23:04:35,226 - INFO - model.model.layers.2.self_attention.layernorm_qkv_activation_underflows% 				 iteration=000100 				 value=0.0136
2026-01-15 23:04:35,226 - INFO - model.model.layers.2.self_attention.layernorm_qkv_activation_scale_inv_min 				 iteration=000100 				 value=0.0007
2026-01-15 23:04:35,226 - INFO - model.model.layers.2.self_attention.layernorm_qkv_activation_scale_inv_max 				 iteration=000100 				 value=0.0007
2026-01-15 23:04:35,226 - INFO - model.model.layers.2.self_attention.layernorm_qkv_activation_mse 				 iteration=000100 				 value=0.0000
2026-01-15 23:04:35,226 - INFO - model.model.layers.2.self_attention.layernorm_qkv_weight_underflows% 				 iteration=000100 				 value=0.0009
2026-01-15 23:04:35,227 - INFO - model.model.layers.2.self_attention.layernorm_qkv_weight_scale_inv_min 				 iteration=000100 				 value=0.0004
2026-01-15 23:04:35,227 - INFO - model.model.layers.2.self_attention.layernorm_qkv_weight_scale_inv_max 				 iteration=000100 				 value=0.0004
2026-01-15 23:04:35,227 - INFO - model.model.layers.2.self_attention.layernorm_qkv_weight_mse 				 iteration=000100 				 value=0.0000
2026-01-15 23:04:35,227 - INFO - model.model.layers.2.self_attention.layernorm_qkv_gradient_underflows% 				 iteration=000100 				 value=0.2852
2026-01-15 23:04:35,227 - INFO - model.model.layers.2.self_attention.layernorm_qkv_gradient_scale_inv_min 				 iteration=000100 				 value=0.0000
2026-01-15 23:04:35,227 - INFO - model.model.layers.2.self_attention.layernorm_qkv_gradient_scale_inv_max 				 iteration=000100 				 value=0.0000
2026-01-15 23:04:35,227 - INFO - model.model.layers.2.self_attention.layernorm_qkv_gradient_mse 				 iteration=000100 				 value=0.0000
2026-01-15 23:04:35,228 - INFO - model.model.layers.1.self_attention.layernorm_qkv_gradient_underflows% 				 iteration=000100 				 value=0.0702
2026-01-15 23:04:35,228 - INFO - model.model.layers.1.self_attention.layernorm_qkv_gradient_scale_inv_min 				 iteration=000100 				 value=0.0000
2026-01-15 23:04:35,228 - INFO - model.model.layers.1.self_attention.layernorm_qkv_gradient_scale_inv_max 				 iteration=000100 				 value=0.0000
2026-01-15 23:04:35,228 - INFO - model.model.layers.1.self_attention.layernorm_qkv_gradient_mse 				 iteration=000100 				 value=0.0000
2026-01-15 23:04:35,442 - INFO - model.model.layers.1.self_attention.layernorm_qkv_activation_underflows% 				 iteration=000110 				 value=0.0102
2026-01-15 23:04:35,442 - INFO - model.model.layers.1.self_attention.layernorm_qkv_activation_scale_inv_min 				 iteration=000110 				 value=0.0010
2026-01-15 23:04:35,442 - INFO - model.model.layers.1.self_attention.layernorm_qkv_activation_scale_inv_max 				 iteration=000110 				 value=0.0010
2026-01-15 23:04:35,442 - INFO - model.model.layers.1.self_attention.layernorm_qkv_activation_mse 				 iteration=000110 				 value=0.0000
2026-01-15 23:04:35,443 - INFO - model.model.layers.1.self_attention.layernorm_qkv_weight_underflows% 				 iteration=000110 				 value=0.0016
2026-01-15 23:04:35,443 - INFO - model.model.layers.1.self_attention.layernorm_qkv_weight_scale_inv_min 				 iteration=000110 				 value=0.0003
2026-01-15 23:04:35,443 - INFO - model.model.layers.1.self_attention.layernorm_qkv_weight_scale_inv_max 				 iteration=000110 				 value=0.0003
2026-01-15 23:04:35,443 - INFO - model.model.layers.1.self_attention.layernorm_qkv_weight_mse 				 iteration=000110 				 value=0.0000
2026-01-15 23:04:35,443 - INFO - model.model.layers.2.self_attention.layernorm_qkv_activation_underflows% 				 iteration=000110 				 value=0.0003
2026-01-15 23:04:35,443 - INFO - model.model.layers.2.self_attention.layernorm_qkv_activation_scale_inv_min 				 iteration=000110 				 value=0.0008
2026-01-15 23:04:35,443 - INFO - model.model.layers.2.self_attention.layernorm_qkv_activation_scale_inv_max 				 iteration=000110 				 value=0.0008
2026-01-15 23:04:35,443 - INFO - model.model.layers.2.self_attention.layernorm_qkv_activation_mse 				 iteration=000110 				 value=0.0000
2026-01-15 23:04:35,443 - INFO - model.model.layers.2.self_attention.layernorm_qkv_weight_underflows% 				 iteration=000110 				 value=0.0011
2026-01-15 23:04:35,443 - INFO - model.model.layers.2.self_attention.layernorm_qkv_weight_scale_inv_min 				 iteration=000110 				 value=0.0004
2026-01-15 23:04:35,443 - INFO - model.model.layers.2.self_attention.layernorm_qkv_weight_scale_inv_max 				 iteration=000110 				 value=0.0004
2026-01-15 23:04:35,443 - INFO - model.model.layers.2.self_attention.layernorm_qkv_weight_mse 				 iteration=000110 				 value=0.0000
2026-01-15 23:04:35,444 - INFO - model.model.layers.2.self_attention.layernorm_qkv_gradient_underflows% 				 iteration=000110 				 value=0.3724
2026-01-15 23:04:35,444 - INFO - model.model.layers.2.self_attention.layernorm_qkv_gradient_scale_inv_min 				 iteration=000110 				 value=0.0000
2026-01-15 23:04:35,444 - INFO - model.model.layers.2.self_attention.layernorm_qkv_gradient_scale_inv_max 				 iteration=000110 				 value=0.0000
2026-01-15 23:04:35,444 - INFO - model.model.layers.2.self_attention.layernorm_qkv_gradient_mse 				 iteration=000110 				 value=0.0000
2026-01-15 23:04:35,444 - INFO - model.model.layers.1.self_attention.layernorm_qkv_gradient_underflows% 				 iteration=000110 				 value=0.1137
2026-01-15 23:04:35,444 - INFO - model.model.layers.1.self_attention.layernorm_qkv_gradient_scale_inv_min 				 iteration=000110 				 value=0.0000
2026-01-15 23:04:35,444 - INFO - model.model.layers.1.self_attention.layernorm_qkv_gradient_scale_inv_max 				 iteration=000110 				 value=0.0000
2026-01-15 23:04:35,444 - INFO - model.model.layers.1.self_attention.layernorm_qkv_gradient_mse 				 iteration=000110 				 value=0.0000
2026-01-15 23:04:35,656 - INFO - model.model.layers.1.self_attention.layernorm_qkv_activation_underflows% 				 iteration=000120 				 value=0.0949
2026-01-15 23:04:35,656 - INFO - model.model.layers.1.self_attention.layernorm_qkv_activation_scale_inv_min 				 iteration=000120 				 value=0.0010
2026-01-15 23:04:35,656 - INFO - model.model.layers.1.self_attention.layernorm_qkv_activation_scale_inv_max 				 iteration=000120 				 value=0.0010
2026-01-15 23:04:35,656 - INFO - model.model.layers.1.self_attention.layernorm_qkv_activation_mse 				 iteration=000120 				 value=0.0000
2026-01-15 23:04:35,657 - INFO - model.model.layers.1.self_attention.layernorm_qkv_weight_underflows% 				 iteration=000120 				 value=0.0011
2026-01-15 23:04:35,657 - INFO - model.model.layers.1.self_attention.layernorm_qkv_weight_scale_inv_min 				 iteration=000120 				 value=0.0003
2026-01-15 23:04:35,657 - INFO - model.model.layers.1.self_attention.layernorm_qkv_weight_scale_inv_max 				 iteration=000120 				 value=0.0003
2026-01-15 23:04:35,657 - INFO - model.model.layers.1.self_attention.layernorm_qkv_weight_mse 				 iteration=000120 				 value=0.0000
2026-01-15 23:04:35,657 - INFO - model.model.layers.2.self_attention.layernorm_qkv_activation_underflows% 				 iteration=000120 				 value=0.0010
2026-01-15 23:04:35,657 - INFO - model.model.layers.2.self_attention.layernorm_qkv_activation_scale_inv_min 				 iteration=000120 				 value=0.0010
2026-01-15 23:04:35,657 - INFO - model.model.layers.2.self_attention.layernorm_qkv_activation_scale_inv_max 				 iteration=000120 				 value=0.0010
2026-01-15 23:04:35,657 - INFO - model.model.layers.2.self_attention.layernorm_qkv_activation_mse 				 iteration=000120 				 value=0.0000
2026-01-15 23:04:35,657 - INFO - model.model.layers.2.self_attention.layernorm_qkv_weight_underflows% 				 iteration=000120 				 value=0.0002
2026-01-15 23:04:35,657 - INFO - model.model.layers.2.self_attention.layernorm_qkv_weight_scale_inv_min 				 iteration=000120 				 value=0.0004
2026-01-15 23:04:35,657 - INFO - model.model.layers.2.self_attention.layernorm_qkv_weight_scale_inv_max 				 iteration=000120 				 value=0.0004
2026-01-15 23:04:35,657 - INFO - model.model.layers.2.self_attention.layernorm_qkv_weight_mse 				 iteration=000120 				 value=0.0000
2026-01-15 23:04:35,657 - INFO - model.model.layers.2.self_attention.layernorm_qkv_gradient_underflows% 				 iteration=000120 				 value=0.2505
2026-01-15 23:04:35,658 - INFO - model.model.layers.2.self_attention.layernorm_qkv_gradient_scale_inv_min 				 iteration=000120 				 value=0.0000
2026-01-15 23:04:35,658 - INFO - model.model.layers.2.self_attention.layernorm_qkv_gradient_scale_inv_max 				 iteration=000120 				 value=0.0000
2026-01-15 23:04:35,658 - INFO - model.model.layers.2.self_attention.layernorm_qkv_gradient_mse 				 iteration=000120 				 value=0.0000
2026-01-15 23:04:35,658 - INFO - model.model.layers.1.self_attention.layernorm_qkv_gradient_underflows% 				 iteration=000120 				 value=0.0951
2026-01-15 23:04:35,658 - INFO - model.model.layers.1.self_attention.layernorm_qkv_gradient_scale_inv_min 				 iteration=000120 				 value=0.0000
2026-01-15 23:04:35,658 - INFO - model.model.layers.1.self_attention.layernorm_qkv_gradient_scale_inv_max 				 iteration=000120 				 value=0.0000
2026-01-15 23:04:35,658 - INFO - model.model.layers.1.self_attention.layernorm_qkv_gradient_mse 				 iteration=000120 				 value=0.0000
2026-01-15 23:04:35,860 - INFO - model.model.layers.1.self_attention.layernorm_qkv_activation_underflows% 				 iteration=000130 				 value=0.0262
2026-01-15 23:04:35,860 - INFO - model.model.layers.1.self_attention.layernorm_qkv_activation_scale_inv_min 				 iteration=000130 				 value=0.0010
2026-01-15 23:04:35,860 - INFO - model.model.layers.1.self_attention.layernorm_qkv_activation_scale_inv_max 				 iteration=000130 				 value=0.0010
2026-01-15 23:04:35,860 - INFO - model.model.layers.1.self_attention.layernorm_qkv_activation_mse 				 iteration=000130 				 value=0.0000
2026-01-15 23:04:35,860 - INFO - model.model.layers.1.self_attention.layernorm_qkv_weight_underflows% 				 iteration=000130 				 value=0.0011
2026-01-15 23:04:35,860 - INFO - model.model.layers.1.self_attention.layernorm_qkv_weight_scale_inv_min 				 iteration=000130 				 value=0.0003
2026-01-15 23:04:35,860 - INFO - model.model.layers.1.self_attention.layernorm_qkv_weight_scale_inv_max 				 iteration=000130 				 value=0.0003
2026-01-15 23:04:35,860 - INFO - model.model.layers.1.self_attention.layernorm_qkv_weight_mse 				 iteration=000130 				 value=0.0000
2026-01-15 23:04:35,860 - INFO - model.model.layers.2.self_attention.layernorm_qkv_activation_underflows% 				 iteration=000130 				 value=0.0004
2026-01-15 23:04:35,861 - INFO - model.model.layers.2.self_attention.layernorm_qkv_activation_scale_inv_min 				 iteration=000130 				 value=0.0010
2026-01-15 23:04:35,861 - INFO - model.model.layers.2.self_attention.layernorm_qkv_activation_scale_inv_max 				 iteration=000130 				 value=0.0010
2026-01-15 23:04:35,861 - INFO - model.model.layers.2.self_attention.layernorm_qkv_activation_mse 				 iteration=000130 				 value=0.0000
2026-01-15 23:04:35,861 - INFO - model.model.layers.2.self_attention.layernorm_qkv_weight_underflows% 				 iteration=000130 				 value=0.0009
2026-01-15 23:04:35,861 - INFO - model.model.layers.2.self_attention.layernorm_qkv_weight_scale_inv_min 				 iteration=000130 				 value=0.0004
2026-01-15 23:04:35,861 - INFO - model.model.layers.2.self_attention.layernorm_qkv_weight_scale_inv_max 				 iteration=000130 				 value=0.0004
2026-01-15 23:04:35,861 - INFO - model.model.layers.2.self_attention.layernorm_qkv_weight_mse 				 iteration=000130 				 value=0.0000
2026-01-15 23:04:35,861 - INFO - model.model.layers.2.self_attention.layernorm_qkv_gradient_underflows% 				 iteration=000130 				 value=0.2976
2026-01-15 23:04:35,861 - INFO - model.model.layers.2.self_attention.layernorm_qkv_gradient_scale_inv_min 				 iteration=000130 				 value=0.0000
2026-01-15 23:04:35,861 - INFO - model.model.layers.2.self_attention.layernorm_qkv_gradient_scale_inv_max 				 iteration=000130 				 value=0.0000
2026-01-15 23:04:35,861 - INFO - model.model.layers.2.self_attention.layernorm_qkv_gradient_mse 				 iteration=000130 				 value=0.0000
2026-01-15 23:04:35,861 - INFO - model.model.layers.1.self_attention.layernorm_qkv_gradient_underflows% 				 iteration=000130 				 value=0.1496
2026-01-15 23:04:35,861 - INFO - model.model.layers.1.self_attention.layernorm_qkv_gradient_scale_inv_min 				 iteration=000130 				 value=0.0000
2026-01-15 23:04:35,861 - INFO - model.model.layers.1.self_attention.layernorm_qkv_gradient_scale_inv_max 				 iteration=000130 				 value=0.0000
2026-01-15 23:04:35,862 - INFO - model.model.layers.1.self_attention.layernorm_qkv_gradient_mse 				 iteration=000130 				 value=0.0000
2026-01-15 23:04:36,061 - INFO - model.model.layers.1.self_attention.layernorm_qkv_activation_underflows% 				 iteration=000140 				 value=0.0186
2026-01-15 23:04:36,061 - INFO - model.model.layers.1.self_attention.layernorm_qkv_activation_scale_inv_min 				 iteration=000140 				 value=0.0010
2026-01-15 23:04:36,062 - INFO - model.model.layers.1.self_attention.layernorm_qkv_activation_scale_inv_max 				 iteration=000140 				 value=0.0010
2026-01-15 23:04:36,062 - INFO - model.model.layers.1.self_attention.layernorm_qkv_activation_mse 				 iteration=000140 				 value=0.0000
2026-01-15 23:04:36,062 - INFO - model.model.layers.1.self_attention.layernorm_qkv_weight_underflows% 				 iteration=000140 				 value=0.0005
2026-01-15 23:04:36,062 - INFO - model.model.layers.1.self_attention.layernorm_qkv_weight_scale_inv_min 				 iteration=000140 				 value=0.0003
2026-01-15 23:04:36,062 - INFO - model.model.layers.1.self_attention.layernorm_qkv_weight_scale_inv_max 				 iteration=000140 				 value=0.0003
2026-01-15 23:04:36,062 - INFO - model.model.layers.1.self_attention.layernorm_qkv_weight_mse 				 iteration=000140 				 value=0.0000
2026-01-15 23:04:36,062 - INFO - model.model.layers.2.self_attention.layernorm_qkv_activation_underflows% 				 iteration=000140 				 value=0.0003
2026-01-15 23:04:36,062 - INFO - model.model.layers.2.self_attention.layernorm_qkv_activation_scale_inv_min 				 iteration=000140 				 value=0.0010
2026-01-15 23:04:36,062 - INFO - model.model.layers.2.self_attention.layernorm_qkv_activation_scale_inv_max 				 iteration=000140 				 value=0.0010
2026-01-15 23:04:36,062 - INFO - model.model.layers.2.self_attention.layernorm_qkv_activation_mse 				 iteration=000140 				 value=0.0000
2026-01-15 23:04:36,062 - INFO - model.model.layers.2.self_attention.layernorm_qkv_weight_underflows% 				 iteration=000140 				 value=0.0009
2026-01-15 23:04:36,062 - INFO - model.model.layers.2.self_attention.layernorm_qkv_weight_scale_inv_min 				 iteration=000140 				 value=0.0004
2026-01-15 23:04:36,062 - INFO - model.model.layers.2.self_attention.layernorm_qkv_weight_scale_inv_max 				 iteration=000140 				 value=0.0004
2026-01-15 23:04:36,063 - INFO - model.model.layers.2.self_attention.layernorm_qkv_weight_mse 				 iteration=000140 				 value=0.0000
2026-01-15 23:04:36,063 - INFO - model.model.layers.2.self_attention.layernorm_qkv_gradient_underflows% 				 iteration=000140 				 value=0.3622
2026-01-15 23:04:36,063 - INFO - model.model.layers.2.self_attention.layernorm_qkv_gradient_scale_inv_min 				 iteration=000140 				 value=0.0000
2026-01-15 23:04:36,063 - INFO - model.model.layers.2.self_attention.layernorm_qkv_gradient_scale_inv_max 				 iteration=000140 				 value=0.0000
2026-01-15 23:04:36,063 - INFO - model.model.layers.2.self_attention.layernorm_qkv_gradient_mse 				 iteration=000140 				 value=0.0000
2026-01-15 23:04:36,063 - INFO - model.model.layers.1.self_attention.layernorm_qkv_gradient_underflows% 				 iteration=000140 				 value=0.1783
2026-01-15 23:04:36,063 - INFO - model.model.layers.1.self_attention.layernorm_qkv_gradient_scale_inv_min 				 iteration=000140 				 value=0.0000
2026-01-15 23:04:36,063 - INFO - model.model.layers.1.self_attention.layernorm_qkv_gradient_scale_inv_max 				 iteration=000140 				 value=0.0000
2026-01-15 23:04:36,063 - INFO - model.model.layers.1.self_attention.layernorm_qkv_gradient_mse 				 iteration=000140 				 value=0.0000
2026-01-15 23:04:36,262 - INFO - model.model.layers.1.self_attention.layernorm_qkv_activation_underflows% 				 iteration=000150 				 value=0.0186
2026-01-15 23:04:36,262 - INFO - model.model.layers.1.self_attention.layernorm_qkv_activation_scale_inv_min 				 iteration=000150 				 value=0.0010
2026-01-15 23:04:36,263 - INFO - model.model.layers.1.self_attention.layernorm_qkv_activation_scale_inv_max 				 iteration=000150 				 value=0.0010
2026-01-15 23:04:36,263 - INFO - model.model.layers.1.self_attention.layernorm_qkv_activation_mse 				 iteration=000150 				 value=0.0000
2026-01-15 23:04:36,263 - INFO - model.model.layers.1.self_attention.layernorm_qkv_weight_underflows% 				 iteration=000150 				 value=0.0009
2026-01-15 23:04:36,263 - INFO - model.model.layers.1.self_attention.layernorm_qkv_weight_scale_inv_min 				 iteration=000150 				 value=0.0003
2026-01-15 23:04:36,263 - INFO - model.model.layers.1.self_attention.layernorm_qkv_weight_scale_inv_max 				 iteration=000150 				 value=0.0003
2026-01-15 23:04:36,263 - INFO - model.model.layers.1.self_attention.layernorm_qkv_weight_mse 				 iteration=000150 				 value=0.0000
2026-01-15 23:04:36,263 - INFO - model.model.layers.2.self_attention.layernorm_qkv_activation_underflows% 				 iteration=000150 				 value=0.0000
2026-01-15 23:04:36,263 - INFO - model.model.layers.2.self_attention.layernorm_qkv_activation_scale_inv_min 				 iteration=000150 				 value=0.0010
2026-01-15 23:04:36,263 - INFO - model.model.layers.2.self_attention.layernorm_qkv_activation_scale_inv_max 				 iteration=000150 				 value=0.0010
2026-01-15 23:04:36,263 - INFO - model.model.layers.2.self_attention.layernorm_qkv_activation_mse 				 iteration=000150 				 value=0.0000
2026-01-15 23:04:36,263 - INFO - model.model.layers.2.self_attention.layernorm_qkv_weight_underflows% 				 iteration=000150 				 value=0.0014
2026-01-15 23:04:36,263 - INFO - model.model.layers.2.self_attention.layernorm_qkv_weight_scale_inv_min 				 iteration=000150 				 value=0.0004
2026-01-15 23:04:36,263 - INFO - model.model.layers.2.self_attention.layernorm_qkv_weight_scale_inv_max 				 iteration=000150 				 value=0.0004
2026-01-15 23:04:36,264 - INFO - model.model.layers.2.self_attention.layernorm_qkv_weight_mse 				 iteration=000150 				 value=0.0000
2026-01-15 23:04:36,264 - INFO - model.model.layers.2.self_attention.layernorm_qkv_gradient_underflows% 				 iteration=000150 				 value=0.4464
2026-01-15 23:04:36,264 - INFO - model.model.layers.2.self_attention.layernorm_qkv_gradient_scale_inv_min 				 iteration=000150 				 value=0.0000
2026-01-15 23:04:36,264 - INFO - model.model.layers.2.self_attention.layernorm_qkv_gradient_scale_inv_max 				 iteration=000150 				 value=0.0000
2026-01-15 23:04:36,264 - INFO - model.model.layers.2.self_attention.layernorm_qkv_gradient_mse 				 iteration=000150 				 value=0.0000
2026-01-15 23:04:36,264 - INFO - model.model.layers.1.self_attention.layernorm_qkv_gradient_underflows% 				 iteration=000150 				 value=0.1641
2026-01-15 23:04:36,264 - INFO - model.model.layers.1.self_attention.layernorm_qkv_gradient_scale_inv_min 				 iteration=000150 				 value=0.0000
2026-01-15 23:04:36,264 - INFO - model.model.layers.1.self_attention.layernorm_qkv_gradient_scale_inv_max 				 iteration=000150 				 value=0.0000
2026-01-15 23:04:36,264 - INFO - model.model.layers.1.self_attention.layernorm_qkv_gradient_mse 				 iteration=000150 				 value=0.0000
2026-01-15 23:04:36,475 - INFO - model.model.layers.1.self_attention.layernorm_qkv_activation_underflows% 				 iteration=000160 				 value=0.0172
2026-01-15 23:04:36,475 - INFO - model.model.layers.1.self_attention.layernorm_qkv_activation_scale_inv_min 				 iteration=000160 				 value=0.0010
2026-01-15 23:04:36,475 - INFO - model.model.layers.1.self_attention.layernorm_qkv_activation_scale_inv_max 				 iteration=000160 				 value=0.0010
2026-01-15 23:04:36,475 - INFO - model.model.layers.1.self_attention.layernorm_qkv_activation_mse 				 iteration=000160 				 value=0.0000
2026-01-15 23:04:36,476 - INFO - model.model.layers.1.self_attention.layernorm_qkv_weight_underflows% 				 iteration=000160 				 value=0.0009
2026-01-15 23:04:36,476 - INFO - model.model.layers.1.self_attention.layernorm_qkv_weight_scale_inv_min 				 iteration=000160 				 value=0.0003
2026-01-15 23:04:36,476 - INFO - model.model.layers.1.self_attention.layernorm_qkv_weight_scale_inv_max 				 iteration=000160 				 value=0.0003
2026-01-15 23:04:36,476 - INFO - model.model.layers.1.self_attention.layernorm_qkv_weight_mse 				 iteration=000160 				 value=0.0000
2026-01-15 23:04:36,476 - INFO - model.model.layers.2.self_attention.layernorm_qkv_activation_underflows% 				 iteration=000160 				 value=0.0013
2026-01-15 23:04:36,476 - INFO - model.model.layers.2.self_attention.layernorm_qkv_activation_scale_inv_min 				 iteration=000160 				 value=0.0010
2026-01-15 23:04:36,476 - INFO - model.model.layers.2.self_attention.layernorm_qkv_activation_scale_inv_max 				 iteration=000160 				 value=0.0010
2026-01-15 23:04:36,476 - INFO - model.model.layers.2.self_attention.layernorm_qkv_activation_mse 				 iteration=000160 				 value=0.0000
2026-01-15 23:04:36,476 - INFO - model.model.layers.2.self_attention.layernorm_qkv_weight_underflows% 				 iteration=000160 				 value=0.0007
2026-01-15 23:04:36,476 - INFO - model.model.layers.2.self_attention.layernorm_qkv_weight_scale_inv_min 				 iteration=000160 				 value=0.0004
2026-01-15 23:04:36,476 - INFO - model.model.layers.2.self_attention.layernorm_qkv_weight_scale_inv_max 				 iteration=000160 				 value=0.0004
2026-01-15 23:04:36,476 - INFO - model.model.layers.2.self_attention.layernorm_qkv_weight_mse 				 iteration=000160 				 value=0.0000
2026-01-15 23:04:36,476 - INFO - model.model.layers.2.self_attention.layernorm_qkv_gradient_underflows% 				 iteration=000160 				 value=0.3690
2026-01-15 23:04:36,477 - INFO - model.model.layers.2.self_attention.layernorm_qkv_gradient_scale_inv_min 				 iteration=000160 				 value=0.0000
2026-01-15 23:04:36,477 - INFO - model.model.layers.2.self_attention.layernorm_qkv_gradient_scale_inv_max 				 iteration=000160 				 value=0.0000
2026-01-15 23:04:36,477 - INFO - model.model.layers.2.self_attention.layernorm_qkv_gradient_mse 				 iteration=000160 				 value=0.0000
2026-01-15 23:04:36,477 - INFO - model.model.layers.1.self_attention.layernorm_qkv_gradient_underflows% 				 iteration=000160 				 value=0.1906
2026-01-15 23:04:36,477 - INFO - model.model.layers.1.self_attention.layernorm_qkv_gradient_scale_inv_min 				 iteration=000160 				 value=0.0000
2026-01-15 23:04:36,477 - INFO - model.model.layers.1.self_attention.layernorm_qkv_gradient_scale_inv_max 				 iteration=000160 				 value=0.0000
2026-01-15 23:04:36,477 - INFO - model.model.layers.1.self_attention.layernorm_qkv_gradient_mse 				 iteration=000160 				 value=0.0000
2026-01-15 23:04:36,694 - INFO - model.model.layers.1.self_attention.layernorm_qkv_activation_underflows% 				 iteration=000170 				 value=0.0081
2026-01-15 23:04:36,694 - INFO - model.model.layers.1.self_attention.layernorm_qkv_activation_scale_inv_min 				 iteration=000170 				 value=0.0010
2026-01-15 23:04:36,694 - INFO - model.model.layers.1.self_attention.layernorm_qkv_activation_scale_inv_max 				 iteration=000170 				 value=0.0010
2026-01-15 23:04:36,694 - INFO - model.model.layers.1.self_attention.layernorm_qkv_activation_mse 				 iteration=000170 				 value=0.0000
2026-01-15 23:04:36,694 - INFO - model.model.layers.1.self_attention.layernorm_qkv_weight_underflows% 				 iteration=000170 				 value=0.0007
2026-01-15 23:04:36,694 - INFO - model.model.layers.1.self_attention.layernorm_qkv_weight_scale_inv_min 				 iteration=000170 				 value=0.0003
2026-01-15 23:04:36,694 - INFO - model.model.layers.1.self_attention.layernorm_qkv_weight_scale_inv_max 				 iteration=000170 				 value=0.0003
2026-01-15 23:04:36,695 - INFO - model.model.layers.1.self_attention.layernorm_qkv_weight_mse 				 iteration=000170 				 value=0.0000
2026-01-15 23:04:36,695 - INFO - model.model.layers.2.self_attention.layernorm_qkv_activation_underflows% 				 iteration=000170 				 value=0.0000
2026-01-15 23:04:36,695 - INFO - model.model.layers.2.self_attention.layernorm_qkv_activation_scale_inv_min 				 iteration=000170 				 value=0.0010
2026-01-15 23:04:36,695 - INFO - model.model.layers.2.self_attention.layernorm_qkv_activation_scale_inv_max 				 iteration=000170 				 value=0.0010
2026-01-15 23:04:36,695 - INFO - model.model.layers.2.self_attention.layernorm_qkv_activation_mse 				 iteration=000170 				 value=0.0000
2026-01-15 23:04:36,695 - INFO - model.model.layers.2.self_attention.layernorm_qkv_weight_underflows% 				 iteration=000170 				 value=0.0014
2026-01-15 23:04:36,695 - INFO - model.model.layers.2.self_attention.layernorm_qkv_weight_scale_inv_min 				 iteration=000170 				 value=0.0004
2026-01-15 23:04:36,695 - INFO - model.model.layers.2.self_attention.layernorm_qkv_weight_scale_inv_max 				 iteration=000170 				 value=0.0004
2026-01-15 23:04:36,695 - INFO - model.model.layers.2.self_attention.layernorm_qkv_weight_mse 				 iteration=000170 				 value=0.0000
2026-01-15 23:04:36,695 - INFO - model.model.layers.2.self_attention.layernorm_qkv_gradient_underflows% 				 iteration=000170 				 value=0.3605
2026-01-15 23:04:36,695 - INFO - model.model.layers.2.self_attention.layernorm_qkv_gradient_scale_inv_min 				 iteration=000170 				 value=0.0000
2026-01-15 23:04:36,695 - INFO - model.model.layers.2.self_attention.layernorm_qkv_gradient_scale_inv_max 				 iteration=000170 				 value=0.0000
2026-01-15 23:04:36,695 - INFO - model.model.layers.2.self_attention.layernorm_qkv_gradient_mse 				 iteration=000170 				 value=0.0000
2026-01-15 23:04:36,696 - INFO - model.model.layers.1.self_attention.layernorm_qkv_gradient_underflows% 				 iteration=000170 				 value=0.1823
2026-01-15 23:04:36,696 - INFO - model.model.layers.1.self_attention.layernorm_qkv_gradient_scale_inv_min 				 iteration=000170 				 value=0.0000
2026-01-15 23:04:36,696 - INFO - model.model.layers.1.self_attention.layernorm_qkv_gradient_scale_inv_max 				 iteration=000170 				 value=0.0000
2026-01-15 23:04:36,696 - INFO - model.model.layers.1.self_attention.layernorm_qkv_gradient_mse 				 iteration=000170 				 value=0.0000
2026-01-15 23:04:36,906 - INFO - model.model.layers.1.self_attention.layernorm_qkv_activation_underflows% 				 iteration=000180 				 value=0.0153
2026-01-15 23:04:36,906 - INFO - model.model.layers.1.self_attention.layernorm_qkv_activation_scale_inv_min 				 iteration=000180 				 value=0.0010
2026-01-15 23:04:36,906 - INFO - model.model.layers.1.self_attention.layernorm_qkv_activation_scale_inv_max 				 iteration=000180 				 value=0.0010
2026-01-15 23:04:36,906 - INFO - model.model.layers.1.self_attention.layernorm_qkv_activation_mse 				 iteration=000180 				 value=0.0000
2026-01-15 23:04:36,906 - INFO - model.model.layers.1.self_attention.layernorm_qkv_weight_underflows% 				 iteration=000180 				 value=0.0016
2026-01-15 23:04:36,906 - INFO - model.model.layers.1.self_attention.layernorm_qkv_weight_scale_inv_min 				 iteration=000180 				 value=0.0003
2026-01-15 23:04:36,906 - INFO - model.model.layers.1.self_attention.layernorm_qkv_weight_scale_inv_max 				 iteration=000180 				 value=0.0003
2026-01-15 23:04:36,906 - INFO - model.model.layers.1.self_attention.layernorm_qkv_weight_mse 				 iteration=000180 				 value=0.0000
2026-01-15 23:04:36,906 - INFO - model.model.layers.2.self_attention.layernorm_qkv_activation_underflows% 				 iteration=000180 				 value=0.0064
2026-01-15 23:04:36,907 - INFO - model.model.layers.2.self_attention.layernorm_qkv_activation_scale_inv_min 				 iteration=000180 				 value=0.0010
2026-01-15 23:04:36,907 - INFO - model.model.layers.2.self_attention.layernorm_qkv_activation_scale_inv_max 				 iteration=000180 				 value=0.0010
2026-01-15 23:04:36,907 - INFO - model.model.layers.2.self_attention.layernorm_qkv_activation_mse 				 iteration=000180 				 value=0.0000
2026-01-15 23:04:36,907 - INFO - model.model.layers.2.self_attention.layernorm_qkv_weight_underflows% 				 iteration=000180 				 value=0.0016
2026-01-15 23:04:36,907 - INFO - model.model.layers.2.self_attention.layernorm_qkv_weight_scale_inv_min 				 iteration=000180 				 value=0.0005
2026-01-15 23:04:36,907 - INFO - model.model.layers.2.self_attention.layernorm_qkv_weight_scale_inv_max 				 iteration=000180 				 value=0.0005
2026-01-15 23:04:36,907 - INFO - model.model.layers.2.self_attention.layernorm_qkv_weight_mse 				 iteration=000180 				 value=0.0000
2026-01-15 23:04:36,907 - INFO - model.model.layers.2.self_attention.layernorm_qkv_gradient_underflows% 				 iteration=000180 				 value=0.2577
2026-01-15 23:04:36,907 - INFO - model.model.layers.2.self_attention.layernorm_qkv_gradient_scale_inv_min 				 iteration=000180 				 value=0.0000
2026-01-15 23:04:36,907 - INFO - model.model.layers.2.self_attention.layernorm_qkv_gradient_scale_inv_max 				 iteration=000180 				 value=0.0000
2026-01-15 23:04:36,907 - INFO - model.model.layers.2.self_attention.layernorm_qkv_gradient_mse 				 iteration=000180 				 value=0.0000
2026-01-15 23:04:36,907 - INFO - model.model.layers.1.self_attention.layernorm_qkv_gradient_underflows% 				 iteration=000180 				 value=0.1923
2026-01-15 23:04:36,907 - INFO - model.model.layers.1.self_attention.layernorm_qkv_gradient_scale_inv_min 				 iteration=000180 				 value=0.0000
2026-01-15 23:04:36,907 - INFO - model.model.layers.1.self_attention.layernorm_qkv_gradient_scale_inv_max 				 iteration=000180 				 value=0.0000
2026-01-15 23:04:36,908 - INFO - model.model.layers.1.self_attention.layernorm_qkv_gradient_mse 				 iteration=000180 				 value=0.0000
2026-01-15 23:04:37,113 - INFO - model.model.layers.1.self_attention.layernorm_qkv_activation_underflows% 				 iteration=000190 				 value=0.2674
2026-01-15 23:04:37,113 - INFO - model.model.layers.1.self_attention.layernorm_qkv_activation_scale_inv_min 				 iteration=000190 				 value=0.0010
2026-01-15 23:04:37,113 - INFO - model.model.layers.1.self_attention.layernorm_qkv_activation_scale_inv_max 				 iteration=000190 				 value=0.0010
2026-01-15 23:04:37,113 - INFO - model.model.layers.1.self_attention.layernorm_qkv_activation_mse 				 iteration=000190 				 value=0.0000
2026-01-15 23:04:37,113 - INFO - model.model.layers.1.self_attention.layernorm_qkv_weight_underflows% 				 iteration=000190 				 value=0.0007
2026-01-15 23:04:37,113 - INFO - model.model.layers.1.self_attention.layernorm_qkv_weight_scale_inv_min 				 iteration=000190 				 value=0.0003
2026-01-15 23:04:37,113 - INFO - model.model.layers.1.self_attention.layernorm_qkv_weight_scale_inv_max 				 iteration=000190 				 value=0.0003
2026-01-15 23:04:37,113 - INFO - model.model.layers.1.self_attention.layernorm_qkv_weight_mse 				 iteration=000190 				 value=0.0000
2026-01-15 23:04:37,113 - INFO - model.model.layers.2.self_attention.layernorm_qkv_activation_underflows% 				 iteration=000190 				 value=0.0019
2026-01-15 23:04:37,113 - INFO - model.model.layers.2.self_attention.layernorm_qkv_activation_scale_inv_min 				 iteration=000190 				 value=0.0011
2026-01-15 23:04:37,113 - INFO - model.model.layers.2.self_attention.layernorm_qkv_activation_scale_inv_max 				 iteration=000190 				 value=0.0011
2026-01-15 23:04:37,113 - INFO - model.model.layers.2.self_attention.layernorm_qkv_activation_mse 				 iteration=000190 				 value=0.0000
2026-01-15 23:04:37,113 - INFO - model.model.layers.2.self_attention.layernorm_qkv_weight_underflows% 				 iteration=000190 				 value=0.0009
2026-01-15 23:04:37,114 - INFO - model.model.layers.2.self_attention.layernorm_qkv_weight_scale_inv_min 				 iteration=000190 				 value=0.0005
2026-01-15 23:04:37,114 - INFO - model.model.layers.2.self_attention.layernorm_qkv_weight_scale_inv_max 				 iteration=000190 				 value=0.0005
2026-01-15 23:04:37,114 - INFO - model.model.layers.2.self_attention.layernorm_qkv_weight_mse 				 iteration=000190 				 value=0.0000
2026-01-15 23:04:37,114 - INFO - model.model.layers.2.self_attention.layernorm_qkv_gradient_underflows% 				 iteration=000190 				 value=0.6470
2026-01-15 23:04:37,114 - INFO - model.model.layers.2.self_attention.layernorm_qkv_gradient_scale_inv_min 				 iteration=000190 				 value=0.0000
2026-01-15 23:04:37,114 - INFO - model.model.layers.2.self_attention.layernorm_qkv_gradient_scale_inv_max 				 iteration=000190 				 value=0.0000
2026-01-15 23:04:37,114 - INFO - model.model.layers.2.self_attention.layernorm_qkv_gradient_mse 				 iteration=000190 				 value=0.0000
2026-01-15 23:04:37,114 - INFO - model.model.layers.1.self_attention.layernorm_qkv_gradient_underflows% 				 iteration=000190 				 value=0.2975
2026-01-15 23:04:37,114 - INFO - model.model.layers.1.self_attention.layernorm_qkv_gradient_scale_inv_min 				 iteration=000190 				 value=0.0000
2026-01-15 23:04:37,114 - INFO - model.model.layers.1.self_attention.layernorm_qkv_gradient_scale_inv_max 				 iteration=000190 				 value=0.0000
2026-01-15 23:04:37,114 - INFO - model.model.layers.1.self_attention.layernorm_qkv_gradient_mse 				 iteration=000190 				 value=0.0000
2026-01-15 23:04:37,326 - INFO - model.model.layers.1.self_attention.layernorm_qkv_activation_underflows% 				 iteration=000200 				 value=0.0275
2026-01-15 23:04:37,326 - INFO - model.model.layers.1.self_attention.layernorm_qkv_activation_scale_inv_min 				 iteration=000200 				 value=0.0010
2026-01-15 23:04:37,326 - INFO - model.model.layers.1.self_attention.layernorm_qkv_activation_scale_inv_max 				 iteration=000200 				 value=0.0010
2026-01-15 23:04:37,326 - INFO - model.model.layers.1.self_attention.layernorm_qkv_activation_mse 				 iteration=000200 				 value=0.0000
2026-01-15 23:04:37,326 - INFO - model.model.layers.1.self_attention.layernorm_qkv_weight_underflows% 				 iteration=000200 				 value=0.0007
2026-01-15 23:04:37,326 - INFO - model.model.layers.1.self_attention.layernorm_qkv_weight_scale_inv_min 				 iteration=000200 				 value=0.0003
2026-01-15 23:04:37,326 - INFO - model.model.layers.1.self_attention.layernorm_qkv_weight_scale_inv_max 				 iteration=000200 				 value=0.0003
2026-01-15 23:04:37,326 - INFO - model.model.layers.1.self_attention.layernorm_qkv_weight_mse 				 iteration=000200 				 value=0.0000
2026-01-15 23:04:37,327 - INFO - model.model.layers.2.self_attention.layernorm_qkv_activation_underflows% 				 iteration=000200 				 value=0.0000
2026-01-15 23:04:37,327 - INFO - model.model.layers.2.self_attention.layernorm_qkv_activation_scale_inv_min 				 iteration=000200 				 value=0.0011
2026-01-15 23:04:37,327 - INFO - model.model.layers.2.self_attention.layernorm_qkv_activation_scale_inv_max 				 iteration=000200 				 value=0.0011
2026-01-15 23:04:37,327 - INFO - model.model.layers.2.self_attention.layernorm_qkv_activation_mse 				 iteration=000200 				 value=0.0000
2026-01-15 23:04:37,327 - INFO - model.model.layers.2.self_attention.layernorm_qkv_weight_underflows% 				 iteration=000200 				 value=0.0005
2026-01-15 23:04:37,327 - INFO - model.model.layers.2.self_attention.layernorm_qkv_weight_scale_inv_min 				 iteration=000200 				 value=0.0005
2026-01-15 23:04:37,327 - INFO - model.model.layers.2.self_attention.layernorm_qkv_weight_scale_inv_max 				 iteration=000200 				 value=0.0005
2026-01-15 23:04:37,327 - INFO - model.model.layers.2.self_attention.layernorm_qkv_weight_mse 				 iteration=000200 				 value=0.0000
2026-01-15 23:04:37,327 - INFO - model.model.layers.2.self_attention.layernorm_qkv_gradient_underflows% 				 iteration=000200 				 value=0.8630
2026-01-15 23:04:37,327 - INFO - model.model.layers.2.self_attention.layernorm_qkv_gradient_scale_inv_min 				 iteration=000200 				 value=0.0000
2026-01-15 23:04:37,327 - INFO - model.model.layers.2.self_attention.layernorm_qkv_gradient_scale_inv_max 				 iteration=000200 				 value=0.0000
2026-01-15 23:04:37,327 - INFO - model.model.layers.2.self_attention.layernorm_qkv_gradient_mse 				 iteration=000200 				 value=0.0000
2026-01-15 23:04:37,328 - INFO - model.model.layers.1.self_attention.layernorm_qkv_gradient_underflows% 				 iteration=000200 				 value=0.9483
2026-01-15 23:04:37,328 - INFO - model.model.layers.1.self_attention.layernorm_qkv_gradient_scale_inv_min 				 iteration=000200 				 value=0.0000
2026-01-15 23:04:37,328 - INFO - model.model.layers.1.self_attention.layernorm_qkv_gradient_scale_inv_max 				 iteration=000200 				 value=0.0000
2026-01-15 23:04:37,328 - INFO - model.model.layers.1.self_attention.layernorm_qkv_gradient_mse 				 iteration=000200 				 value=0.0000
2026-01-15 23:04:37,534 - INFO - model.model.layers.1.self_attention.layernorm_qkv_activation_underflows% 				 iteration=000210 				 value=0.0211
2026-01-15 23:04:37,534 - INFO - model.model.layers.1.self_attention.layernorm_qkv_activation_scale_inv_min 				 iteration=000210 				 value=0.0010
2026-01-15 23:04:37,534 - INFO - model.model.layers.1.self_attention.layernorm_qkv_activation_scale_inv_max 				 iteration=000210 				 value=0.0010
2026-01-15 23:04:37,534 - INFO - model.model.layers.1.self_attention.layernorm_qkv_activation_mse 				 iteration=000210 				 value=0.0000
2026-01-15 23:04:37,534 - INFO - model.model.layers.1.self_attention.layernorm_qkv_weight_underflows% 				 iteration=000210 				 value=0.0009
2026-01-15 23:04:37,534 - INFO - model.model.layers.1.self_attention.layernorm_qkv_weight_scale_inv_min 				 iteration=000210 				 value=0.0003
2026-01-15 23:04:37,534 - INFO - model.model.layers.1.self_attention.layernorm_qkv_weight_scale_inv_max 				 iteration=000210 				 value=0.0003
2026-01-15 23:04:37,534 - INFO - model.model.layers.1.self_attention.layernorm_qkv_weight_mse 				 iteration=000210 				 value=0.0000
2026-01-15 23:04:37,534 - INFO - model.model.layers.2.self_attention.layernorm_qkv_activation_underflows% 				 iteration=000210 				 value=0.1893
2026-01-15 23:04:37,534 - INFO - model.model.layers.2.self_attention.layernorm_qkv_activation_scale_inv_min 				 iteration=000210 				 value=0.0011
2026-01-15 23:04:37,534 - INFO - model.model.layers.2.self_attention.layernorm_qkv_activation_scale_inv_max 				 iteration=000210 				 value=0.0011
2026-01-15 23:04:37,534 - INFO - model.model.layers.2.self_attention.layernorm_qkv_activation_mse 				 iteration=000210 				 value=0.0000
2026-01-15 23:04:37,535 - INFO - model.model.layers.2.self_attention.layernorm_qkv_weight_underflows% 				 iteration=000210 				 value=0.0014
2026-01-15 23:04:37,535 - INFO - model.model.layers.2.self_attention.layernorm_qkv_weight_scale_inv_min 				 iteration=000210 				 value=0.0005
2026-01-15 23:04:37,535 - INFO - model.model.layers.2.self_attention.layernorm_qkv_weight_scale_inv_max 				 iteration=000210 				 value=0.0005
2026-01-15 23:04:37,535 - INFO - model.model.layers.2.self_attention.layernorm_qkv_weight_mse 				 iteration=000210 				 value=0.0000
2026-01-15 23:04:37,535 - INFO - model.model.layers.2.self_attention.layernorm_qkv_gradient_underflows% 				 iteration=000210 				 value=0.7276
2026-01-15 23:04:37,535 - INFO - model.model.layers.2.self_attention.layernorm_qkv_gradient_scale_inv_min 				 iteration=000210 				 value=0.0000
2026-01-15 23:04:37,535 - INFO - model.model.layers.2.self_attention.layernorm_qkv_gradient_scale_inv_max 				 iteration=000210 				 value=0.0000
2026-01-15 23:04:37,535 - INFO - model.model.layers.2.self_attention.layernorm_qkv_gradient_mse 				 iteration=000210 				 value=0.0000
2026-01-15 23:04:37,535 - INFO - model.model.layers.1.self_attention.layernorm_qkv_gradient_underflows% 				 iteration=000210 				 value=0.1867
2026-01-15 23:04:37,535 - INFO - model.model.layers.1.self_attention.layernorm_qkv_gradient_scale_inv_min 				 iteration=000210 				 value=0.0000
2026-01-15 23:04:37,535 - INFO - model.model.layers.1.self_attention.layernorm_qkv_gradient_scale_inv_max 				 iteration=000210 				 value=0.0000
2026-01-15 23:04:37,535 - INFO - model.model.layers.1.self_attention.layernorm_qkv_gradient_mse 				 iteration=000210 				 value=0.0000
2026-01-15 23:04:37,738 - INFO - model.model.layers.1.self_attention.layernorm_qkv_activation_underflows% 				 iteration=000220 				 value=0.1391
2026-01-15 23:04:37,738 - INFO - model.model.layers.1.self_attention.layernorm_qkv_activation_scale_inv_min 				 iteration=000220 				 value=0.0010
2026-01-15 23:04:37,738 - INFO - model.model.layers.1.self_attention.layernorm_qkv_activation_scale_inv_max 				 iteration=000220 				 value=0.0010
2026-01-15 23:04:37,738 - INFO - model.model.layers.1.self_attention.layernorm_qkv_activation_mse 				 iteration=000220 				 value=0.0000
2026-01-15 23:04:37,738 - INFO - model.model.layers.1.self_attention.layernorm_qkv_weight_underflows% 				 iteration=000220 				 value=0.0011
2026-01-15 23:04:37,738 - INFO - model.model.layers.1.self_attention.layernorm_qkv_weight_scale_inv_min 				 iteration=000220 				 value=0.0003
2026-01-15 23:04:37,738 - INFO - model.model.layers.1.self_attention.layernorm_qkv_weight_scale_inv_max 				 iteration=000220 				 value=0.0003
2026-01-15 23:04:37,738 - INFO - model.model.layers.1.self_attention.layernorm_qkv_weight_mse 				 iteration=000220 				 value=0.0000
2026-01-15 23:04:37,738 - INFO - model.model.layers.2.self_attention.layernorm_qkv_activation_underflows% 				 iteration=000220 				 value=0.0192
2026-01-15 23:04:37,738 - INFO - model.model.layers.2.self_attention.layernorm_qkv_activation_scale_inv_min 				 iteration=000220 				 value=0.0012
2026-01-15 23:04:37,738 - INFO - model.model.layers.2.self_attention.layernorm_qkv_activation_scale_inv_max 				 iteration=000220 				 value=0.0012
2026-01-15 23:04:37,738 - INFO - model.model.layers.2.self_attention.layernorm_qkv_activation_mse 				 iteration=000220 				 value=0.0000
2026-01-15 23:04:37,738 - INFO - model.model.layers.2.self_attention.layernorm_qkv_weight_underflows% 				 iteration=000220 				 value=0.0014
2026-01-15 23:04:37,739 - INFO - model.model.layers.2.self_attention.layernorm_qkv_weight_scale_inv_min 				 iteration=000220 				 value=0.0005
2026-01-15 23:04:37,739 - INFO - model.model.layers.2.self_attention.layernorm_qkv_weight_scale_inv_max 				 iteration=000220 				 value=0.0005
2026-01-15 23:04:37,739 - INFO - model.model.layers.2.self_attention.layernorm_qkv_weight_mse 				 iteration=000220 				 value=0.0000
2026-01-15 23:04:37,739 - INFO - model.model.layers.2.self_attention.layernorm_qkv_gradient_underflows% 				 iteration=000220 				 value=0.4853
2026-01-15 23:04:37,739 - INFO - model.model.layers.2.self_attention.layernorm_qkv_gradient_scale_inv_min 				 iteration=000220 				 value=0.0000
2026-01-15 23:04:37,739 - INFO - model.model.layers.2.self_attention.layernorm_qkv_gradient_scale_inv_max 				 iteration=000220 				 value=0.0000
2026-01-15 23:04:37,739 - INFO - model.model.layers.2.self_attention.layernorm_qkv_gradient_mse 				 iteration=000220 				 value=0.0000
2026-01-15 23:04:37,739 - INFO - model.model.layers.1.self_attention.layernorm_qkv_gradient_underflows% 				 iteration=000220 				 value=0.1542
2026-01-15 23:04:37,739 - INFO - model.model.layers.1.self_attention.layernorm_qkv_gradient_scale_inv_min 				 iteration=000220 				 value=0.0000
2026-01-15 23:04:37,739 - INFO - model.model.layers.1.self_attention.layernorm_qkv_gradient_scale_inv_max 				 iteration=000220 				 value=0.0000
2026-01-15 23:04:37,739 - INFO - model.model.layers.1.self_attention.layernorm_qkv_gradient_mse 				 iteration=000220 				 value=0.0000
2026-01-15 23:04:37,938 - INFO - model.model.layers.1.self_attention.layernorm_qkv_activation_underflows% 				 iteration=000230 				 value=0.0179
2026-01-15 23:04:37,938 - INFO - model.model.layers.1.self_attention.layernorm_qkv_activation_scale_inv_min 				 iteration=000230 				 value=0.0011
2026-01-15 23:04:37,938 - INFO - model.model.layers.1.self_attention.layernorm_qkv_activation_scale_inv_max 				 iteration=000230 				 value=0.0011
2026-01-15 23:04:37,939 - INFO - model.model.layers.1.self_attention.layernorm_qkv_activation_mse 				 iteration=000230 				 value=0.0000
2026-01-15 23:04:37,939 - INFO - model.model.layers.1.self_attention.layernorm_qkv_weight_underflows% 				 iteration=000230 				 value=0.0020
2026-01-15 23:04:37,939 - INFO - model.model.layers.1.self_attention.layernorm_qkv_weight_scale_inv_min 				 iteration=000230 				 value=0.0003
2026-01-15 23:04:37,939 - INFO - model.model.layers.1.self_attention.layernorm_qkv_weight_scale_inv_max 				 iteration=000230 				 value=0.0003
2026-01-15 23:04:37,939 - INFO - model.model.layers.1.self_attention.layernorm_qkv_weight_mse 				 iteration=000230 				 value=0.0000
2026-01-15 23:04:37,939 - INFO - model.model.layers.2.self_attention.layernorm_qkv_activation_underflows% 				 iteration=000230 				 value=0.0078
2026-01-15 23:04:37,939 - INFO - model.model.layers.2.self_attention.layernorm_qkv_activation_scale_inv_min 				 iteration=000230 				 value=0.0014
2026-01-15 23:04:37,939 - INFO - model.model.layers.2.self_attention.layernorm_qkv_activation_scale_inv_max 				 iteration=000230 				 value=0.0014
2026-01-15 23:04:37,939 - INFO - model.model.layers.2.self_attention.layernorm_qkv_activation_mse 				 iteration=000230 				 value=0.0000
2026-01-15 23:04:37,939 - INFO - model.model.layers.2.self_attention.layernorm_qkv_weight_underflows% 				 iteration=000230 				 value=0.0023
2026-01-15 23:04:37,939 - INFO - model.model.layers.2.self_attention.layernorm_qkv_weight_scale_inv_min 				 iteration=000230 				 value=0.0005
2026-01-15 23:04:37,939 - INFO - model.model.layers.2.self_attention.layernorm_qkv_weight_scale_inv_max 				 iteration=000230 				 value=0.0005
2026-01-15 23:04:37,939 - INFO - model.model.layers.2.self_attention.layernorm_qkv_weight_mse 				 iteration=000230 				 value=0.0000
2026-01-15 23:04:37,940 - INFO - model.model.layers.2.self_attention.layernorm_qkv_gradient_underflows% 				 iteration=000230 				 value=0.5738
2026-01-15 23:04:37,940 - INFO - model.model.layers.2.self_attention.layernorm_qkv_gradient_scale_inv_min 				 iteration=000230 				 value=0.0000
2026-01-15 23:04:37,940 - INFO - model.model.layers.2.self_attention.layernorm_qkv_gradient_scale_inv_max 				 iteration=000230 				 value=0.0000
2026-01-15 23:04:37,940 - INFO - model.model.layers.2.self_attention.layernorm_qkv_gradient_mse 				 iteration=000230 				 value=0.0000
2026-01-15 23:04:37,940 - INFO - model.model.layers.1.self_attention.layernorm_qkv_gradient_underflows% 				 iteration=000230 				 value=0.1769
2026-01-15 23:04:37,940 - INFO - model.model.layers.1.self_attention.layernorm_qkv_gradient_scale_inv_min 				 iteration=000230 				 value=0.0000
2026-01-15 23:04:37,940 - INFO - model.model.layers.1.self_attention.layernorm_qkv_gradient_scale_inv_max 				 iteration=000230 				 value=0.0000
2026-01-15 23:04:37,940 - INFO - model.model.layers.1.self_attention.layernorm_qkv_gradient_mse 				 iteration=000230 				 value=0.0000
2026-01-15 23:04:38,438 - INFO - model.model.layers.1.self_attention.layernorm_qkv_activation_underflows% 				 iteration=000240 				 value=0.0356
2026-01-15 23:04:38,438 - INFO - model.model.layers.1.self_attention.layernorm_qkv_activation_scale_inv_min 				 iteration=000240 				 value=0.0011
2026-01-15 23:04:38,438 - INFO - model.model.layers.1.self_attention.layernorm_qkv_activation_scale_inv_max 				 iteration=000240 				 value=0.0011
2026-01-15 23:04:38,438 - INFO - model.model.layers.1.self_attention.layernorm_qkv_activation_mse 				 iteration=000240 				 value=0.0000
2026-01-15 23:04:38,438 - INFO - model.model.layers.1.self_attention.layernorm_qkv_weight_underflows% 				 iteration=000240 				 value=0.0016
2026-01-15 23:04:38,438 - INFO - model.model.layers.1.self_attention.layernorm_qkv_weight_scale_inv_min 				 iteration=000240 				 value=0.0003
2026-01-15 23:04:38,438 - INFO - model.model.layers.1.self_attention.layernorm_qkv_weight_scale_inv_max 				 iteration=000240 				 value=0.0003
2026-01-15 23:04:38,438 - INFO - model.model.layers.1.self_attention.layernorm_qkv_weight_mse 				 iteration=000240 				 value=0.0000
2026-01-15 23:04:38,438 - INFO - model.model.layers.2.self_attention.layernorm_qkv_activation_underflows% 				 iteration=000240 				 value=0.2607
2026-01-15 23:04:38,438 - INFO - model.model.layers.2.self_attention.layernorm_qkv_activation_scale_inv_min 				 iteration=000240 				 value=0.0014
2026-01-15 23:04:38,438 - INFO - model.model.layers.2.self_attention.layernorm_qkv_activation_scale_inv_max 				 iteration=000240 				 value=0.0014
2026-01-15 23:04:38,439 - INFO - model.model.layers.2.self_attention.layernorm_qkv_activation_mse 				 iteration=000240 				 value=0.0000
2026-01-15 23:04:38,439 - INFO - model.model.layers.2.self_attention.layernorm_qkv_weight_underflows% 				 iteration=000240 				 value=0.0018
2026-01-15 23:04:38,439 - INFO - model.model.layers.2.self_attention.layernorm_qkv_weight_scale_inv_min 				 iteration=000240 				 value=0.0005
2026-01-15 23:04:38,439 - INFO - model.model.layers.2.self_attention.layernorm_qkv_weight_scale_inv_max 				 iteration=000240 				 value=0.0005
2026-01-15 23:04:38,439 - INFO - model.model.layers.2.self_attention.layernorm_qkv_weight_mse 				 iteration=000240 				 value=0.0000
2026-01-15 23:04:38,439 - INFO - model.model.layers.2.self_attention.layernorm_qkv_gradient_underflows% 				 iteration=000240 				 value=0.8028
2026-01-15 23:04:38,439 - INFO - model.model.layers.2.self_attention.layernorm_qkv_gradient_scale_inv_min 				 iteration=000240 				 value=0.0000
2026-01-15 23:04:38,439 - INFO - model.model.layers.2.self_attention.layernorm_qkv_gradient_scale_inv_max 				 iteration=000240 				 value=0.0000
2026-01-15 23:04:38,439 - INFO - model.model.layers.2.self_attention.layernorm_qkv_gradient_mse 				 iteration=000240 				 value=0.0000
2026-01-15 23:04:38,439 - INFO - model.model.layers.1.self_attention.layernorm_qkv_gradient_underflows% 				 iteration=000240 				 value=0.1262
2026-01-15 23:04:38,439 - INFO - model.model.layers.1.self_attention.layernorm_qkv_gradient_scale_inv_min 				 iteration=000240 				 value=0.0000
2026-01-15 23:04:38,439 - INFO - model.model.layers.1.self_attention.layernorm_qkv_gradient_scale_inv_max 				 iteration=000240 				 value=0.0000
2026-01-15 23:04:38,439 - INFO - model.model.layers.1.self_attention.layernorm_qkv_gradient_mse 				 iteration=000240 				 value=0.0000
